<?xml version="1.0" encoding="UTF-8"?>
<!-- Generated by org.testng.reporters.JUnitXMLReporter -->
<testsuite ignored="0" hostname="LAPTOP-V6VACEO9" failures="0" tests="3" name="Test" time="98.234" errors="0" timestamp="2022-01-30T22:42:37 IST">
  <testcase classname="com.mindtree.Runner.Lambdatest" name="Test1" time="15.085"/>
  <testcase classname="com.mindtree.Runner.Lambdatest" name="Test2" time="49.685"/>
  <testcase classname="com.mindtree.Runner.Lambdatest" name="Test3" time="33.425"/>
</testsuite> <!-- Test -->
