<?xml version="1.0" encoding="UTF-8"?>
<!-- Generated by org.testng.reporters.JUnitXMLReporter -->
<testsuite ignored="0" hostname="LAPTOP-V6VACEO9" failures="0" tests="3" name="Test" time="107.931" errors="0" timestamp="2022-01-30T17:33:17 IST">
  <testcase classname="com.mindtree.Runner.Lambdatest" name="Test1" time="18.22"/>
  <testcase classname="com.mindtree.Runner.Lambdatest" name="Test2" time="54.386"/>
  <testcase classname="com.mindtree.Runner.Lambdatest" name="Test3" time="35.274"/>
</testsuite> <!-- Test -->
