<?xml version="1.0" encoding="UTF-8"?>
<!-- Generated by org.testng.reporters.JUnitXMLReporter -->
<testsuite ignored="0" hostname="paliwalaman23-lambda-wemqo3rh8jl" failures="0" tests="3" name="Test" time="79.367" errors="0" timestamp="2022-01-30T17:40:45 UTC">
  <testcase classname="com.mindtree.Runner.Lambdatest" name="Test1" time="11.198"/>
  <testcase classname="com.mindtree.Runner.Lambdatest" name="Test2" time="36.356"/>
  <testcase classname="com.mindtree.Runner.Lambdatest" name="Test3" time="31.743"/>
</testsuite> <!-- Test -->
