<?xml version="1.0" encoding="UTF-8"?>
<!-- Generated by org.testng.reporters.JUnitXMLReporter -->
<testsuite ignored="0" hostname="LAPTOP-V6VACEO9" failures="0" tests="5" name="Chrome testing" time="83.294" errors="0" timestamp="2022-01-30T04:14:04 IST">
  <testcase classname="com.mindtree.Runner.Lambdatest" name="Test1" time="14.799"/>
  <testcase classname="com.mindtree.Runner.Lambdatest" name="Test1" time="19.275"/>
  <testcase classname="com.mindtree.Runner.Lambdatest" name="Test1" time="42.57"/>
  <testcase classname="com.mindtree.Runner.Lambdatest" name="Test2" time="51.563"/>
  <testcase classname="com.mindtree.Runner.Lambdatest" name="Test3" time="16.872"/>
</testsuite> <!-- Chrome testing -->
