<?xml version="1.0" encoding="UTF-8"?>
<testng-results ignored="0" total="3" passed="3" failed="0" skipped="0">
  <reporter-output>
  </reporter-output>
  <suite started-at="2022-01-30T17:39:25 UTC" name="Suite" finished-at="2022-01-30T17:40:45 UTC" duration-ms="79367">
    <groups>
    </groups>
    <test started-at="2022-01-30T17:39:25 UTC" name="Test" finished-at="2022-01-30T17:40:45 UTC" duration-ms="79367">
      <class name="com.mindtree.Runner.Lambdatest">
        <test-method signature="Test1()[pri:0, instance:com.mindtree.Runner.Lambdatest@34a3d150]" started-at="2022-01-30T17:39:25 UTC" name="Test1" finished-at="2022-01-30T17:39:36 UTC" duration-ms="11198" status="PASS">
          <reporter-output>
          </reporter-output>
        </test-method> <!-- Test1 -->
        <test-method signature="Test2()[pri:0, instance:com.mindtree.Runner.Lambdatest@34a3d150]" started-at="2022-01-30T17:39:36 UTC" name="Test2" finished-at="2022-01-30T17:40:13 UTC" duration-ms="36356" status="PASS">
          <reporter-output>
          </reporter-output>
        </test-method> <!-- Test2 -->
        <test-method signature="Test3()[pri:0, instance:com.mindtree.Runner.Lambdatest@34a3d150]" started-at="2022-01-30T17:40:13 UTC" name="Test3" finished-at="2022-01-30T17:40:45 UTC" duration-ms="31743" status="PASS">
          <reporter-output>
          </reporter-output>
        </test-method> <!-- Test3 -->
      </class> <!-- com.mindtree.Runner.Lambdatest -->
    </test> <!-- Test -->
  </suite> <!-- Suite -->
</testng-results>
