<?xml version="1.0" encoding="UTF-8"?>
<testng-results ignored="0" total="3" passed="3" failed="0" skipped="0">
  <reporter-output>
  </reporter-output>
  <suite started-at="2022-01-30T22:40:58 IST" name="Suite" finished-at="2022-01-30T22:42:36 IST" duration-ms="98234">
    <groups>
    </groups>
    <test started-at="2022-01-30T22:40:58 IST" name="Test" finished-at="2022-01-30T22:42:36 IST" duration-ms="98234">
      <class name="com.mindtree.Runner.Lambdatest">
        <test-method signature="Test1()[pri:0, instance:com.mindtree.Runner.Lambdatest@67080771]" started-at="2022-01-30T22:40:58 IST" name="Test1" finished-at="2022-01-30T22:41:13 IST" duration-ms="15085" status="PASS">
          <reporter-output>
          </reporter-output>
        </test-method> <!-- Test1 -->
        <test-method signature="Test2()[pri:0, instance:com.mindtree.Runner.Lambdatest@67080771]" started-at="2022-01-30T22:41:13 IST" name="Test2" finished-at="2022-01-30T22:42:03 IST" duration-ms="49685" status="PASS">
          <reporter-output>
          </reporter-output>
        </test-method> <!-- Test2 -->
        <test-method signature="Test3()[pri:0, instance:com.mindtree.Runner.Lambdatest@67080771]" started-at="2022-01-30T22:42:03 IST" name="Test3" finished-at="2022-01-30T22:42:36 IST" duration-ms="33425" status="PASS">
          <reporter-output>
          </reporter-output>
        </test-method> <!-- Test3 -->
      </class> <!-- com.mindtree.Runner.Lambdatest -->
    </test> <!-- Test -->
  </suite> <!-- Suite -->
</testng-results>
