<?xml version="1.0" encoding="UTF-8"?>
<testng-results ignored="0" total="3" passed="3" failed="0" skipped="0">
  <reporter-output>
  </reporter-output>
  <suite started-at="2022-01-30T17:31:29 IST" name="Suite" finished-at="2022-01-30T17:33:17 IST" duration-ms="107931">
    <groups>
    </groups>
    <test started-at="2022-01-30T17:31:29 IST" name="Test" finished-at="2022-01-30T17:33:17 IST" duration-ms="107931">
      <class name="com.mindtree.Runner.Lambdatest">
        <test-method signature="Test1()[pri:0, instance:com.mindtree.Runner.Lambdatest@67080771]" started-at="2022-01-30T17:31:30 IST" name="Test1" finished-at="2022-01-30T17:31:48 IST" duration-ms="18220" status="PASS">
          <reporter-output>
          </reporter-output>
        </test-method> <!-- Test1 -->
        <test-method signature="Test2()[pri:0, instance:com.mindtree.Runner.Lambdatest@67080771]" started-at="2022-01-30T17:31:48 IST" name="Test2" finished-at="2022-01-30T17:32:42 IST" duration-ms="54386" status="PASS">
          <reporter-output>
          </reporter-output>
        </test-method> <!-- Test2 -->
        <test-method signature="Test3()[pri:0, instance:com.mindtree.Runner.Lambdatest@67080771]" started-at="2022-01-30T17:32:42 IST" name="Test3" finished-at="2022-01-30T17:33:17 IST" duration-ms="35274" status="PASS">
          <reporter-output>
          </reporter-output>
        </test-method> <!-- Test3 -->
      </class> <!-- com.mindtree.Runner.Lambdatest -->
    </test> <!-- Test -->
  </suite> <!-- Suite -->
</testng-results>
